15:27:38.590 [main] INFO  utilities.helpers.WebElementWaits - Try to Wait for element to be visible
15:27:38.645 [main] INFO  utilities.helpers.WebElementHelpers - Clear text in text box
15:27:38.715 [main] INFO  utilities.helpers.WebElementHelpers - Send keys: admin@test.com into text box
15:27:38.864 [main] INFO  utilities.helpers.WebElementWaits - Try to Wait for element to be visible
15:27:38.908 [main] INFO  utilities.helpers.WebElementHelpers - Clear text in text box
15:27:38.981 [main] INFO  utilities.helpers.WebElementHelpers - Send keys: test123 into text box
15:27:39.085 [main] INFO  utilities.helpers.WebElementWaits - Try to wait for element to be clickable by webElement
15:27:39.141 [main] INFO  utilities.helpers.WebElementHelpers - Button is clicked.
15:27:41.219 [main] INFO  utilities.helpers.WebElementWaits - Try to Wait for element to be visible
15:27:41.285 [main] INFO  utilities.helpers.WebElementHelpers - The element is displayed
15:27:41.285 [main] INFO  utilities.helpers.WebElementWaits - Try to wait for element to be clickable by webElement
15:27:41.369 [main] INFO  utilities.helpers.WebElementHelpers - Button is clicked.
15:27:43.629 [main] INFO  utilities.helpers.WebElementWaits - Try to wait for element to be clickable by webElement
15:27:43.689 [main] INFO  utilities.helpers.WebElementHelpers - Button is clicked.
15:27:43.805 [main] INFO  utilities.helpers.WebElementWaits - Try to Wait for element to be visible
15:27:43.898 [main] INFO  utilities.helpers.WebElementHelpers - The element is displayed
15:30:26.116 [main] INFO  utilities.helpers.WebElementWaits - Try to Wait for element to be visible
15:30:26.255 [main] INFO  utilities.helpers.WebElementHelpers - Clear text in text box
15:30:26.324 [main] INFO  utilities.helpers.WebElementHelpers - Send keys: admin@test.com into text box
15:30:26.485 [main] INFO  utilities.helpers.WebElementWaits - Try to Wait for element to be visible
15:30:26.556 [main] INFO  utilities.helpers.WebElementHelpers - Clear text in text box
15:30:26.625 [main] INFO  utilities.helpers.WebElementHelpers - Send keys: test123 into text box
15:30:26.732 [main] INFO  utilities.helpers.WebElementWaits - Try to wait for element to be clickable by webElement
15:30:26.804 [main] INFO  utilities.helpers.WebElementHelpers - Button is clicked.
15:30:28.879 [main] INFO  utilities.helpers.WebElementWaits - Try to Wait for element to be visible
15:30:28.954 [main] INFO  utilities.helpers.WebElementHelpers - The element is displayed
15:30:29.380 [main] INFO  utilities.helpers.WebElementWaits - Try to wait for element to be clickable by webElement
15:30:29.443 [main] INFO  utilities.helpers.WebElementHelpers - Button is clicked.
15:30:32.490 [main] INFO  utilities.helpers.WebElementWaits - Try to Wait for element to be visible
15:30:32.667 [main] INFO  utilities.helpers.WebElementHelpers - Clear text in text box
15:30:32.723 [main] INFO  utilities.helpers.WebElementHelpers - Send keys: admin@test.com into text box
15:30:32.870 [main] INFO  utilities.helpers.WebElementWaits - Try to Wait for element to be visible
15:30:32.907 [main] INFO  utilities.helpers.WebElementHelpers - Clear text in text box
15:30:32.975 [main] INFO  utilities.helpers.WebElementHelpers - Send keys: test123 into text box
15:30:33.073 [main] INFO  utilities.helpers.WebElementWaits - Try to wait for element to be clickable by webElement
15:30:33.120 [main] INFO  utilities.helpers.WebElementHelpers - Button is clicked.
15:30:35.178 [main] INFO  utilities.helpers.WebElementWaits - Try to Wait for element to be visible
15:30:35.238 [main] INFO  utilities.helpers.WebElementHelpers - The element is displayed
15:30:35.238 [main] INFO  utilities.helpers.WebElementWaits - Try to wait for element to be clickable by webElement
15:30:35.533 [main] INFO  utilities.helpers.WebElementHelpers - Button is clicked.
15:30:37.907 [main] INFO  utilities.helpers.WebElementWaits - Try to wait for element to be clickable by webElement
15:30:37.978 [main] INFO  utilities.helpers.WebElementHelpers - Button is clicked.
15:30:38.078 [main] INFO  utilities.helpers.WebElementWaits - Try to Wait for element to be visible
15:30:38.155 [main] INFO  utilities.helpers.WebElementHelpers - The element is displayed
